<?xml version="1.0" encoding="UTF-8"?>
<!-- Generated by org.testng.reporters.JUnitXMLReporter -->
<testsuite hostname="DESKTOP-4PCRIC2" ignored="0" name="Default test" tests="5" failures="0" timestamp="16 Aug 2019 18:22:16 GMT" time="27.998" errors="0">
  <testcase name="test1" time="0.49" classname="spicejettestNG.SpicejetTestNG"/>
  <testcase name="test2" time="2.82" classname="spicejettestNG.SpicejetTestNG"/>
  <testcase name="test3" time="0.294" classname="spicejettestNG.SpicejetTestNG"/>
  <testcase name="test4" time="6.287" classname="spicejettestNG.SpicejetTestNG"/>
  <testcase name="test5" time="0.045" classname="spicejettestNG.SpicejetTestNG"/>
</testsuite> <!-- Default test -->
