<?xml version="1.0" encoding="UTF-8"?>
<testng-results skipped="0" failed="0" ignored="0" total="5" passed="5">
  <reporter-output>
  </reporter-output>
  <suite name="Suite" duration-ms="26883" started-at="2019-08-16T18:23:12Z" finished-at="2019-08-16T18:23:39Z">
    <groups>
    </groups>
    <test name="Test" duration-ms="26883" started-at="2019-08-16T18:23:12Z" finished-at="2019-08-16T18:23:39Z">
      <class name="spicejettestNG.SpicejetTestNG">
        <test-method status="PASS" signature="beforetest()[pri:0, instance:spicejettestNG.SpicejetTestNG@5bb21b69]" name="beforetest" is-config="true" duration-ms="13672" started-at="2019-08-16T18:23:12Z" finished-at="2019-08-16T18:23:26Z">
          <reporter-output>
          </reporter-output>
        </test-method> <!-- beforetest -->
        <test-method status="PASS" signature="test1()[pri:0, instance:spicejettestNG.SpicejetTestNG@5bb21b69]" name="test1" duration-ms="518" started-at="2019-08-16T18:23:26Z" finished-at="2019-08-16T18:23:26Z">
          <reporter-output>
          </reporter-output>
        </test-method> <!-- test1 -->
        <test-method status="PASS" signature="test2()[pri:0, instance:spicejettestNG.SpicejetTestNG@5bb21b69]" name="test2" duration-ms="2699" started-at="2019-08-16T18:23:26Z" finished-at="2019-08-16T18:23:29Z">
          <reporter-output>
          </reporter-output>
        </test-method> <!-- test2 -->
        <test-method status="PASS" signature="test3()[pri:0, instance:spicejettestNG.SpicejetTestNG@5bb21b69]" name="test3" duration-ms="368" started-at="2019-08-16T18:23:29Z" finished-at="2019-08-16T18:23:30Z">
          <reporter-output>
          </reporter-output>
        </test-method> <!-- test3 -->
        <test-method status="PASS" signature="test4()[pri:0, instance:spicejettestNG.SpicejetTestNG@5bb21b69]" name="test4" duration-ms="6372" started-at="2019-08-16T18:23:30Z" finished-at="2019-08-16T18:23:36Z">
          <reporter-output>
          </reporter-output>
        </test-method> <!-- test4 -->
        <test-method status="PASS" signature="test5()[pri:0, instance:spicejettestNG.SpicejetTestNG@5bb21b69]" name="test5" duration-ms="43" started-at="2019-08-16T18:23:36Z" finished-at="2019-08-16T18:23:36Z">
          <reporter-output>
          </reporter-output>
        </test-method> <!-- test5 -->
        <test-method status="PASS" signature="aftertest()[pri:0, instance:spicejettestNG.SpicejetTestNG@5bb21b69]" name="aftertest" is-config="true" duration-ms="3168" started-at="2019-08-16T18:23:36Z" finished-at="2019-08-16T18:23:39Z">
          <reporter-output>
          </reporter-output>
        </test-method> <!-- aftertest -->
      </class> <!-- spicejettestNG.SpicejetTestNG -->
    </test> <!-- Test -->
  </suite> <!-- Suite -->
</testng-results>
